<?xml version="1.0" encoding="UTF-8"?>
<testsuite name="testFolder.App" tests="1" skipped="0" failures="0" errors="0" timestamp="2021-06-25T13:57:58" hostname="DESKTOP-D8J192Q" time="0.019">
  <properties/>
  <testcase name="testSomething()" classname="testFolder.App" time="0.019"/>
  <system-out><![CDATA[]]></system-out>
  <system-err><![CDATA[]]></system-err>
</testsuite>
